0 info it worked if it ends with ok
1 verbose cli [ 'node', '/usr/local/bin/npm', 'install', '--save', 'metalsmith' ]
2 info using npm@2.10.1
3 info using node@v0.10.25
4 verbose node symlink /usr/bin/node
5 verbose install initial load of /home/norlick/Projects/Web/html/web/github-pages/norlick.github.io/src/package.json
6 verbose stack Error: Failed to parse json
6 verbose stack Trailing comma in object at 8:3
6 verbose stack   },
6 verbose stack   ^
6 verbose stack     at parseError (/usr/local/lib/node_modules/npm/node_modules/read-package-json/read-json.js:379:11)
6 verbose stack     at parseJson (/usr/local/lib/node_modules/npm/node_modules/read-package-json/read-json.js:68:23)
6 verbose stack     at /usr/local/lib/node_modules/npm/node_modules/read-package-json/read-json.js:48:5
6 verbose stack     at evalmachine.<anonymous>:268:14
6 verbose stack     at /usr/local/lib/node_modules/npm/node_modules/graceful-fs/graceful-fs.js:102:5
6 verbose stack     at Object.oncomplete (evalmachine.<anonymous>:107:15)
7 verbose cwd /home/norlick/Projects/Web/html/web/github-pages/norlick.github.io/src
8 error Linux 3.16.0-38-generic
9 error argv "node" "/usr/local/bin/npm" "install" "--save" "metalsmith"
10 error node v0.10.25
11 error npm  v2.10.1
12 error file /home/norlick/Projects/Web/html/web/github-pages/norlick.github.io/src/package.json
13 error code EJSONPARSE
14 error Failed to parse json
14 error Trailing comma in object at 8:3
14 error   },
14 error   ^
15 error File: /home/norlick/Projects/Web/html/web/github-pages/norlick.github.io/src/package.json
16 error Failed to parse package.json data.
16 error package.json must be actual JSON, not just JavaScript.
16 error
16 error This is not a bug in npm.
16 error Tell the package author to fix their package.json file. JSON.parse
17 verbose exit [ 1, true ]
